2024-10-17 13:07:50,827 [INFO] Activator:176 - 


2024-10-17 13:07:50,829 [INFO] Activator:177 - !SESSION log4j initialized
2024-10-17 13:07:53,725 [INFO] LogOutputStream:77 - [STDOUT_REDIRECT] 
2024-10-17 13:07:56,627 [INFO] ApplicationProperties:184 - Using Application install path: /home/dam/st/stm32cubeide_1.16.0/plugins/com.st.stm32cube.common.mx_6.12.0.202406281431
2024-10-17 13:07:56,646 [INFO] DbMcusXml:78 - Set database path to: /home/dam/st/stm32cubeide_1.16.0/plugins/com.st.stm32cube.common.mx_6.12.0.202406281431//db//mcu/
2024-10-17 13:07:56,647 [INFO] ApiDb:274 - Set plugin database path to: /home/dam/st/stm32cubeide_1.16.0/plugins/com.st.stm32cube.common.mx_6.12.0.202406281431//db//plugins/boardmanager/
2024-10-17 13:07:56,647 [WARN] ApiDb:259 - Overriding images path with different value:  => /home/dam/st/stm32cubeide_1.16.0/plugins/com.st.stm32cube.common.mx_6.12.0.202406281431//db//plugins/mcufinder/images/
2024-10-17 13:07:56,658 [INFO] ApiDb:250 - Set database path to: /home/dam/.stmcufinder/plugins/mcufinder//mcu/
2024-10-17 13:07:56,659 [INFO] DbMcusAds:125 - Set database path to: /home/dam/.stmcufinder/plugins/mcufinder//mcu/
2024-10-17 13:07:56,664 [INFO] CrossReferenceDbSqlite:203 - Set database path to: /home/dam/.stmcufinder/plugins/mcufinder//mcu/cs/
2024-10-17 13:07:56,895 [INFO] RulesReader:64 - Compatibility file has been processed (297 Rules)
2024-10-17 13:07:57,020 [INFO] DbMcusXml:78 - Set database path to: /home/dam/st/stm32cubeide_1.16.0/plugins/com.st.stm32cube.common.mx_6.12.0.202406281431//db//mcu/
2024-10-17 13:07:57,021 [INFO] ApiDb:274 - Set plugin database path to: /home/dam/st/stm32cubeide_1.16.0/plugins/com.st.stm32cube.common.mx_6.12.0.202406281431//db//plugins/boardmanager/
2024-10-17 13:07:57,022 [INFO] ApiDb:261 - Set plugin images path to: /home/dam/st/stm32cubeide_1.16.0/plugins/com.st.stm32cube.common.mx_6.12.0.202406281431//db//plugins/mcufinder/images/
2024-10-17 13:07:57,022 [WARN] DbFile:41 - Overriding database path with different value: /home/dam/.stmcufinder/plugins/mcufinder/ => /home/dam/.stmcufinder/plugins/mcufinder
2024-10-17 13:07:57,022 [INFO] ApiDb:250 - Set database path to: /home/dam/.stmcufinder/plugins/mcufinder//mcu/
2024-10-17 13:07:57,024 [WARN] DbFile:41 - Overriding database path with different value: /home/dam/.stmcufinder/plugins/mcufinder/ => /home/dam/.stmcufinder/plugins/mcufinder
2024-10-17 13:07:57,024 [INFO] DbMcusAds:125 - Set database path to: /home/dam/.stmcufinder/plugins/mcufinder//mcu/
2024-10-17 13:07:57,024 [WARN] DbFile:41 - Overriding database path with different value: /home/dam/.stmcufinder/plugins/mcufinder/ => /home/dam/.stmcufinder/plugins/mcufinder
2024-10-17 13:07:57,024 [WARN] DbFile:41 - Overriding database path with different value: /home/dam/.stmcufinder/plugins/mcufinder/ => /home/dam/.stmcufinder/plugins/mcufinder
2024-10-17 13:07:57,024 [INFO] CrossReferenceDbSqlite:203 - Set database path to: /home/dam/.stmcufinder/plugins/mcufinder//mcu/cs/
2024-10-17 13:07:57,127 [INFO] MainPanel:268 - HeapMemory: 268435456
2024-10-17 13:07:57,278 [INFO] DbMcusXml:78 - Set database path to: /home/dam/st/stm32cubeide_1.16.0/plugins/com.st.stm32cube.common.mx_6.12.0.202406281431//db//mcu/
2024-10-17 13:07:57,279 [INFO] ApiDb:274 - Set plugin database path to: /home/dam/st/stm32cubeide_1.16.0/plugins/com.st.stm32cube.common.mx_6.12.0.202406281431//db//plugins/boardmanager/
2024-10-17 13:07:57,279 [INFO] ApiDb:261 - Set plugin images path to: /home/dam/st/stm32cubeide_1.16.0/plugins/com.st.stm32cube.common.mx_6.12.0.202406281431//db//plugins/mcufinder/images/
2024-10-17 13:07:57,280 [WARN] DbFile:41 - Overriding database path with different value: /home/dam/.stmcufinder/plugins/mcufinder/ => /home/dam/.stmcufinder/plugins/mcufinder
2024-10-17 13:07:57,280 [INFO] ApiDb:250 - Set database path to: /home/dam/.stmcufinder/plugins/mcufinder//mcu/
2024-10-17 13:07:57,280 [WARN] DbFile:41 - Overriding database path with different value: /home/dam/.stmcufinder/plugins/mcufinder/ => /home/dam/.stmcufinder/plugins/mcufinder
2024-10-17 13:07:57,280 [INFO] DbMcusAds:125 - Set database path to: /home/dam/.stmcufinder/plugins/mcufinder//mcu/
2024-10-17 13:07:57,280 [WARN] DbFile:41 - Overriding database path with different value: /home/dam/.stmcufinder/plugins/mcufinder/ => /home/dam/.stmcufinder/plugins/mcufinder
2024-10-17 13:07:57,280 [WARN] DbFile:41 - Overriding database path with different value: /home/dam/.stmcufinder/plugins/mcufinder/ => /home/dam/.stmcufinder/plugins/mcufinder
2024-10-17 13:07:57,280 [INFO] CrossReferenceDbSqlite:203 - Set database path to: /home/dam/.stmcufinder/plugins/mcufinder//mcu/cs/
2024-10-17 13:07:57,297 [INFO] ApplicationProperties:184 - Using Application install path: /home/dam/st/stm32cubeide_1.16.0/plugins/com.st.stm32cube.common.mx_6.12.0.202406281431
2024-10-17 13:07:57,299 [INFO] PluginManage:196 - Search for loadable plugins [exclusion list=, ]
2024-10-17 13:07:57,301 [INFO] PluginManage:310 - Check plugin analytics
2024-10-17 13:07:57,508 [INFO] AnalyticsPlugin:253 - Accepted Software Licenses: 
2024-10-17 13:07:57,508 [INFO] AnalyticsPlugin:255 - Accepted CMSIS Pack Licenses: 
2024-10-17 13:07:57,509 [INFO] AnalyticsPlugin:257 - Accepted Firmware Licenses: 
2024-10-17 13:07:57,513 [INFO] PluginManage:359 - Loaded plugin analytics (category:tool,tabindex:-1)
2024-10-17 13:07:57,513 [INFO] PluginManage:310 - Check plugin cadmodel
2024-10-17 13:07:57,523 [INFO] CADModel:105 - Init CAD model plugin
2024-10-17 13:07:57,523 [INFO] PluginManage:359 - Loaded plugin cadmodel (category:power,tabindex:5)
2024-10-17 13:07:57,523 [INFO] PluginManage:310 - Check plugin clock
2024-10-17 13:07:57,534 [INFO] PluginManage:359 - Loaded plugin clock (category:base,tabindex:2)
2024-10-17 13:07:57,535 [INFO] PluginManage:310 - Check plugin ddr
2024-10-17 13:07:57,539 [INFO] PluginManage:359 - Loaded plugin ddr (category:tool,tabindex:6)
2024-10-17 13:07:57,539 [INFO] PluginManage:310 - Check plugin filemanager
2024-10-17 13:07:57,713 [INFO] PluginManage:359 - Loaded plugin filemanager (category:base,tabindex:10)
2024-10-17 13:07:57,714 [INFO] PluginManage:310 - Check plugin ipmanager
2024-10-17 13:07:57,726 [INFO] PluginManage:359 - Loaded plugin ipmanager (category:base,tabindex:5)
2024-10-17 13:07:57,726 [INFO] PluginManage:310 - Check plugin lpbam
2024-10-17 13:07:57,747 [INFO] PluginManage:359 - Loaded plugin lpbam (category:base,tabindex:0)
2024-10-17 13:07:57,748 [INFO] PluginManage:310 - Check plugin memorymap
2024-10-17 13:07:57,775 [INFO] PluginManage:359 - Loaded plugin memorymap (category:base,tabindex:4)
2024-10-17 13:07:57,775 [INFO] PluginManage:310 - Check plugin pinoutandconfiguration
2024-10-17 13:07:57,799 [INFO] PluginManage:359 - Loaded plugin pinoutandconfiguration (category:base,tabindex:1)
2024-10-17 13:07:57,800 [INFO] PluginManage:310 - Check plugin pinoutconfig
2024-10-17 13:07:58,115 [WARN] SupportedApi:132 - Cannot load RTOS API schema: s4s-elt-must-match.1: The content of 'definitions' must match (annotation?, (simpleType | complexType)?, (unique | key | keyref)*)). A problem was found starting at: attribute.
2024-10-17 13:07:58,372 [INFO] PluginManage:359 - Loaded plugin pinoutconfig (category:base,tabindex:0)
2024-10-17 13:07:58,372 [INFO] PluginManage:310 - Check plugin power
2024-10-17 13:07:58,386 [INFO] PluginManage:359 - Loaded plugin power (category:power,tabindex:4)
2024-10-17 13:07:58,387 [INFO] PluginManage:310 - Check plugin projectmanager
2024-10-17 13:07:58,410 [INFO] PluginManage:359 - Loaded plugin projectmanager (category:projectmanager,tabindex:4)
2024-10-17 13:07:58,411 [INFO] PluginManage:310 - Check plugin rif
2024-10-17 13:07:58,421 [INFO] PluginManage:359 - Loaded plugin rif (category:base,tabindex:3)
2024-10-17 13:07:58,421 [INFO] PluginManage:310 - Check plugin thirdparty
2024-10-17 13:07:58,633 [WARN] IntegrityCheckThread:84 - waiting for thirdparty lock release [integrity check]
2024-10-17 13:07:58,634 [INFO] IntegrityCheckThread:86 - entering critical section [integrity check]
2024-10-17 13:07:58,633 [INFO] PluginManage:359 - Loaded plugin thirdparty (category:base,tabindex:-1)
2024-10-17 13:07:58,634 [INFO] ThirdPartyUpdaterWithRetryManager:70 - Updater plugin not ready yet. [1/15]
2024-10-17 13:07:58,634 [INFO] PluginManage:310 - Check plugin tools
2024-10-17 13:07:58,637 [INFO] PluginManage:359 - Loaded plugin tools (category:base,tabindex:7)
2024-10-17 13:07:58,637 [INFO] PluginManage:310 - Check plugin tutovideos
2024-10-17 13:07:58,877 [INFO] PluginManage:359 - Loaded plugin tutovideos (category:base,tabindex:-1)
2024-10-17 13:07:58,877 [INFO] PluginManage:310 - Check plugin updater
2024-10-17 13:07:58,913 [INFO] PluginManage:359 - Loaded plugin updater (category:base,tabindex:12)
2024-10-17 13:07:58,914 [INFO] PluginManage:310 - Check plugin userauth
2024-10-17 13:07:58,925 [INFO] UserAuth:113 - Init User Auth plugin
2024-10-17 13:07:58,926 [INFO] PluginManage:359 - Loaded plugin userauth (category:base,tabindex:14)
2024-10-17 13:07:58,926 [INFO] PluginManage:283 - PluginManage : Loaded plugins [18]
2024-10-17 13:07:59,282 [INFO] PinOutPanel:1561 - setPackage(No Configuration,No Configuration)
2024-10-17 13:07:59,392 [INFO] CADModel:165 - CPN selected for project level
2024-10-17 13:07:59,392 [INFO] CADModel:114 - Register for checkConnection events
2024-10-17 13:07:59,417 [INFO] IPUIPlugin:80 - create IPUIPlugin
2024-10-17 13:07:59,418 [INFO] PluginManager:220 - loadIPPluginJar : add i2c
2024-10-17 13:07:59,421 [INFO] IPUIPlugin:80 - create IPUIPlugin
2024-10-17 13:07:59,422 [INFO] PluginManager:220 - loadIPPluginJar : add gtzc
2024-10-17 13:07:59,425 [INFO] IPUIPlugin:80 - create IPUIPlugin
2024-10-17 13:07:59,425 [INFO] PluginManager:220 - loadIPPluginJar : add gfxmmu
2024-10-17 13:07:59,434 [INFO] IPUIPlugin:80 - create IPUIPlugin
2024-10-17 13:07:59,435 [INFO] PluginManager:220 - loadIPPluginJar : add fmc
2024-10-17 13:07:59,440 [INFO] IPUIPlugin:80 - create IPUIPlugin
2024-10-17 13:07:59,440 [INFO] PluginManager:220 - loadIPPluginJar : add resmgrutility
2024-10-17 13:07:59,444 [INFO] IPUIPlugin:80 - create IPUIPlugin
2024-10-17 13:07:59,444 [INFO] PluginManager:220 - loadIPPluginJar : add openamp
2024-10-17 13:07:59,453 [INFO] IPUIPlugin:80 - create IPUIPlugin
2024-10-17 13:07:59,453 [INFO] PluginManager:220 - loadIPPluginJar : add adc
2024-10-17 13:07:59,455 [INFO] IPUIPlugin:80 - create IPUIPlugin
2024-10-17 13:07:59,455 [INFO] PluginManager:220 - loadIPPluginJar : add ts
2024-10-17 13:07:59,467 [INFO] IPUIPlugin:80 - create IPUIPlugin
2024-10-17 13:07:59,467 [INFO] PluginManager:220 - loadIPPluginJar : add linkedlist
2024-10-17 13:07:59,469 [INFO] IPUIPlugin:80 - create IPUIPlugin
2024-10-17 13:07:59,470 [INFO] PluginManager:220 - loadIPPluginJar : add tim
2024-10-17 13:07:59,474 [INFO] IPUIPlugin:80 - create IPUIPlugin
2024-10-17 13:07:59,474 [INFO] PluginManager:220 - loadIPPluginJar : add sai
2024-10-17 13:07:59,479 [INFO] IPUIPlugin:80 - create IPUIPlugin
2024-10-17 13:07:59,479 [INFO] PluginManager:220 - loadIPPluginJar : add ipddr
2024-10-17 13:07:59,488 [INFO] IPUIPlugin:80 - create IPUIPlugin
2024-10-17 13:07:59,488 [INFO] PluginManager:220 - loadIPPluginJar : add stm32_wpan
2024-10-17 13:07:59,492 [INFO] IPUIPlugin:80 - create IPUIPlugin
2024-10-17 13:07:59,492 [INFO] PluginManager:220 - loadIPPluginJar : add aes
2024-10-17 13:07:59,498 [INFO] IPUIPlugin:80 - create IPUIPlugin
2024-10-17 13:07:59,498 [INFO] PluginManager:220 - loadIPPluginJar : add touchsensing
2024-10-17 13:07:59,502 [INFO] IPUIPlugin:80 - create IPUIPlugin
2024-10-17 13:07:59,503 [INFO] PluginManager:220 - loadIPPluginJar : add tracer_emb
2024-10-17 13:07:59,506 [INFO] IPUIPlugin:80 - create IPUIPlugin
2024-10-17 13:07:59,507 [INFO] PluginManager:220 - loadIPPluginJar : add usart
2024-10-17 13:07:59,510 [INFO] IPUIPlugin:80 - create IPUIPlugin
2024-10-17 13:07:59,511 [INFO] PluginManager:220 - loadIPPluginJar : add i3c
2024-10-17 13:07:59,513 [INFO] IPUIPlugin:80 - create IPUIPlugin
2024-10-17 13:07:59,513 [INFO] PluginManager:220 - loadIPPluginJar : add tsc
2024-10-17 13:07:59,518 [INFO] IPUIPlugin:80 - create IPUIPlugin
2024-10-17 13:07:59,518 [INFO] PluginManager:220 - loadIPPluginJar : add ddr_ctrl_phy
2024-10-17 13:07:59,522 [INFO] IPUIPlugin:80 - create IPUIPlugin
2024-10-17 13:07:59,522 [INFO] PluginManager:220 - loadIPPluginJar : add lorawan
2024-10-17 13:07:59,525 [INFO] IPUIPlugin:80 - create IPUIPlugin
2024-10-17 13:07:59,525 [INFO] PluginManager:220 - loadIPPluginJar : add ltdc
2024-10-17 13:07:59,529 [INFO] IPUIPlugin:80 - create IPUIPlugin
2024-10-17 13:07:59,530 [INFO] PluginManager:220 - loadIPPluginJar : add dma3
2024-10-17 13:07:59,538 [INFO] IPUIPlugin:80 - create IPUIPlugin
2024-10-17 13:07:59,538 [INFO] PluginManager:220 - loadIPPluginJar : add gic
2024-10-17 13:07:59,544 [INFO] IPUIPlugin:80 - create IPUIPlugin
2024-10-17 13:07:59,544 [INFO] PluginManager:220 - loadIPPluginJar : add gpio
2024-10-17 13:07:59,547 [INFO] IPUIPlugin:80 - create IPUIPlugin
2024-10-17 13:07:59,547 [INFO] PluginManager:220 - loadIPPluginJar : add pdm2pcm
2024-10-17 13:07:59,556 [INFO] IPUIPlugin:80 - create IPUIPlugin
2024-10-17 13:07:59,556 [INFO] PluginManager:220 - loadIPPluginJar : add mdma
2024-10-17 13:07:59,559 [INFO] IPUIPlugin:80 - create IPUIPlugin
2024-10-17 13:07:59,560 [INFO] PluginManager:220 - loadIPPluginJar : add radio
2024-10-17 13:07:59,563 [INFO] IPUIPlugin:80 - create IPUIPlugin
2024-10-17 13:07:59,563 [INFO] PluginManager:220 - loadIPPluginJar : add hash
2024-10-17 13:07:59,566 [INFO] IPUIPlugin:80 - create IPUIPlugin
2024-10-17 13:07:59,567 [INFO] PluginManager:220 - loadIPPluginJar : add spi
2024-10-17 13:07:59,568 [INFO] IPUIPlugin:80 - create IPUIPlugin
2024-10-17 13:07:59,569 [INFO] PluginManager:220 - loadIPPluginJar : add comp
2024-10-17 13:07:59,572 [INFO] IPUIPlugin:80 - create IPUIPlugin
2024-10-17 13:07:59,572 [INFO] PluginManager:220 - loadIPPluginJar : add extmemmanager
2024-10-17 13:07:59,576 [INFO] IPUIPlugin:80 - create IPUIPlugin
2024-10-17 13:07:59,576 [INFO] PluginManager:220 - loadIPPluginJar : add can
2024-10-17 13:07:59,581 [INFO] IPUIPlugin:80 - create IPUIPlugin
2024-10-17 13:07:59,582 [INFO] PluginManager:220 - loadIPPluginJar : add nvic
2024-10-17 13:07:59,585 [INFO] IPUIPlugin:80 - create IPUIPlugin
2024-10-17 13:07:59,586 [INFO] PluginManager:220 - loadIPPluginJar : add opamp
2024-10-17 13:07:59,588 [INFO] IPUIPlugin:80 - create IPUIPlugin
2024-10-17 13:07:59,589 [INFO] PluginManager:220 - loadIPPluginJar : add i2s
2024-10-17 13:07:59,591 [INFO] IPUIPlugin:80 - create IPUIPlugin
2024-10-17 13:07:59,591 [INFO] PluginManager:220 - loadIPPluginJar : add quadspi
2024-10-17 13:07:59,593 [INFO] IPUIPlugin:80 - create IPUIPlugin
2024-10-17 13:07:59,593 [INFO] PluginManager:220 - loadIPPluginJar : add fatfs
2024-10-17 13:07:59,596 [INFO] IPUIPlugin:80 - create IPUIPlugin
2024-10-17 13:07:59,597 [INFO] PluginManager:220 - loadIPPluginJar : add dfsdm
2024-10-17 13:07:59,599 [INFO] IPUIPlugin:80 - create IPUIPlugin
2024-10-17 13:07:59,599 [INFO] PluginManager:220 - loadIPPluginJar : add ucpd
2024-10-17 13:07:59,601 [INFO] IPUIPlugin:80 - create IPUIPlugin
2024-10-17 13:07:59,601 [INFO] PluginManager:220 - loadIPPluginJar : add genericplugin
2024-10-17 13:07:59,608 [INFO] IPUIPlugin:80 - create IPUIPlugin
2024-10-17 13:07:59,608 [INFO] PluginManager:220 - loadIPPluginJar : add freertos
2024-10-17 13:07:59,618 [INFO] IPUIPlugin:80 - create IPUIPlugin
2024-10-17 13:07:59,622 [INFO] PluginManager:220 - loadIPPluginJar : add plateformsettings
2024-10-17 13:07:59,625 [INFO] IPUIPlugin:80 - create IPUIPlugin
2024-10-17 13:07:59,625 [INFO] PluginManager:220 - loadIPPluginJar : add cryp
2024-10-17 13:07:59,634 [INFO] IPUIPlugin:80 - create IPUIPlugin
2024-10-17 13:07:59,634 [INFO] PluginManager:220 - loadIPPluginJar : add dma
2024-10-17 13:07:59,638 [INFO] IPUIPlugin:80 - create IPUIPlugin
2024-10-17 13:07:59,639 [INFO] PluginManager:220 - loadIPPluginJar : add usbx
2024-10-17 13:07:59,767 [INFO] CADModel:165 - CPN selected for project level
2024-10-17 13:07:59,767 [INFO] CADModel:114 - Register for checkConnection events
2024-10-17 13:07:59,768 [FATAL] Updater:334 - Updater called before beeing initialized
2024-10-17 13:07:59,768 [ERROR] CADModel:125 - Updater not yet initialized, retry later 
2024-10-17 13:08:00,073 [INFO] CADModel:165 - CPN selected for project level
2024-10-17 13:08:00,073 [INFO] CADModel:114 - Register for checkConnection events
2024-10-17 13:08:00,073 [FATAL] Updater:334 - Updater called before beeing initialized
2024-10-17 13:08:00,073 [ERROR] CADModel:125 - Updater not yet initialized, retry later 
2024-10-17 13:08:00,077 [FATAL] Updater:334 - Updater called before beeing initialized
2024-10-17 13:08:00,205 [FATAL] Updater:334 - Updater called before beeing initialized
2024-10-17 13:08:00,211 [INFO] DbMcusAds:53 - JSON generation date=Fri Sep 20 10:04:38 ART 2024 (1726837478367)
2024-10-17 13:08:00,211 [FATAL] Updater:334 - Updater called before beeing initialized
2024-10-17 13:08:00,272 [WARN] DetailPanel:346 - Failed to get advertising image, set to default
2024-10-17 13:08:00,376 [FATAL] Updater:334 - Updater called before beeing initialized
2024-10-17 13:08:00,378 [FATAL] Updater:334 - Updater called before beeing initialized
2024-10-17 13:08:00,379 [FATAL] Updater:334 - Updater called before beeing initialized
2024-10-17 13:08:00,379 [WARN] DetailPanel:346 - Failed to get advertising image, set to default
2024-10-17 13:08:00,380 [FATAL] Updater:334 - Updater called before beeing initialized
2024-10-17 13:08:00,426 [ERROR] Updater:1164 - MainUpdater not yet initialized. External WinMGr cannot be set.
2024-10-17 13:08:00,428 [INFO] Updater:1100 - Updater Version found : 6.12.0
2024-10-17 13:08:00,455 [INFO] ApplicationProperties:184 - Using Application install path: /home/dam/st/stm32cubeide_1.16.0/plugins/com.st.stm32cube.common.mx_6.12.0.202406281431
2024-10-17 13:08:01,635 [INFO] ThirdPartyUpdaterWithRetryManager:70 - Updater plugin not ready yet. [2/15]
2024-10-17 13:08:02,059 [INFO] MainUpdater:2873 - connection check result : 10
2024-10-17 13:08:02,062 [INFO] MainUpdater:290 - Updater Check For Update Now.
2024-10-17 13:08:02,063 [INFO] MicroXplorer:498 - Change Database Version : DB.6.0.120
2024-10-17 13:08:02,080 [INFO] McuFinderGlobals:63 - Set McuFinder mode to 2 (CubeIDE integrated)
2024-10-17 13:08:02,081 [INFO] UserAuth:417 - Internet connection configuration mode: 1
2024-10-17 13:08:02,117 [INFO] JxBrowserEngine:152 - Initiate JxBrowser Engine with user profile folder
2024-10-17 13:08:02,319 [INFO] CheckServerUpdateThread:120 - End of CheckServer Thread
2024-10-17 13:08:03,874 [INFO] WebApp:167 - Instantiating new browser for Auth
2024-10-17 13:08:04,922 [WARN] PackLoader:240 - Cannot read IP mode file for STMicroelectronics.FP-SNS-MOTENVWB1.1.4.0
2024-10-17 13:08:04,944 [WARN] PackLoader:240 - Cannot read IP mode file for STMicroelectronics.X-CUBE-SMBUS.2.1.0
2024-10-17 13:08:04,960 [WARN] PackLoader:240 - Cannot read IP mode file for STMicroelectronics.X-CUBE-WB05N.1.1.0
2024-10-17 13:08:05,046 [WARN] PackLoader:240 - Cannot read IP mode file for STMicroelectronics.X-CUBE-AZRTOS-F7.1.1.0
2024-10-17 13:08:05,301 [WARN] PackLoader:240 - Cannot read IP mode file for STMicroelectronics.X-CUBE-MEMS1.11.0.0
2024-10-17 13:08:05,712 [INFO] WebApp:448 - Apply proxy settings
2024-10-17 13:08:05,713 [INFO] WebApp:533 - Chromium requires no authentication
2024-10-17 13:08:05,743 [INFO] WebApp:476 - Direct internet connection detected
2024-10-17 13:08:05,754 [WARN] PackLoader:240 - Cannot read IP mode file for STMicroelectronics.FP-SNS-FLIGHT1.5.0.2
2024-10-17 13:08:05,779 [WARN] PackLoader:240 - Cannot read IP mode file for STMicroelectronics.X-CUBE-DISPLAY.3.0.0
2024-10-17 13:08:05,808 [INFO] WebApp:869 - Register for checkConnection events
2024-10-17 13:08:05,808 [INFO] WebApp:448 - Apply proxy settings
2024-10-17 13:08:05,808 [WARN] PackLoader:240 - Cannot read IP mode file for STMicroelectronics.X-CUBE-BLE1.7.0.0
2024-10-17 13:08:05,808 [INFO] WebApp:533 - Chromium requires no authentication
2024-10-17 13:08:05,810 [INFO] WebApp:476 - Direct internet connection detected
2024-10-17 13:08:05,819 [WARN] PackLoader:240 - Cannot read IP mode file for STMicroelectronics.X-CUBE-NFC10.1.0.0
2024-10-17 13:08:05,832 [WARN] PackLoader:240 - Cannot read IP mode file for emotas.I-CUBE-CANOPEN.1.3.0
2024-10-17 13:08:05,855 [WARN] PackLoader:240 - Cannot read IP mode file for STMicroelectronics.X-CUBE-BLEMGR.3.1.0
2024-10-17 13:08:05,877 [WARN] PackLoader:240 - Cannot read IP mode file for STMicroelectronics.FP-SNS-SMARTAG2.1.2.0
2024-10-17 13:08:05,907 [INFO] LogOutputStream:77 - [STDOUT_REDIRECT] 1 : Invalid condition id : UX_CORESTACK_Condition cause : null
2024-10-17 13:08:05,908 [INFO] LogOutputStream:77 - [STDOUT_REDIRECT] 1 : Invalid condition id : UX_CORESTACK_Condition cause : null
2024-10-17 13:08:05,909 [INFO] LogOutputStream:77 - [STDOUT_REDIRECT] 1 : Invalid condition id : UX_CORESTACK_Condition cause : null
2024-10-17 13:08:05,909 [INFO] LogOutputStream:77 - [STDOUT_REDIRECT] 1 : Invalid condition id : UX_CORESTACK_Condition cause : null
2024-10-17 13:08:05,911 [INFO] LogOutputStream:77 - [STDOUT_REDIRECT] 1 : Invalid condition id : UX_CORESTACK_Condition cause : null
2024-10-17 13:08:05,921 [WARN] PackLoader:240 - Cannot read IP mode file for STMicroelectronics.X-CUBE-AZRTOS-WL.2.0.0
2024-10-17 13:08:05,930 [WARN] PackLoader:240 - Cannot read IP mode file for STMicroelectronics.FP-SNS-MOTENV1.5.0.0
2024-10-17 13:08:05,938 [WARN] PackLoader:240 - Cannot read IP mode file for wolfSSL.I-CUBE-wolfMQTT.1.19.0
2024-10-17 13:08:05,959 [WARN] PackLoader:240 - Cannot read IP mode file for WES.I-CUBE-Cesium.1.3.0
2024-10-17 13:08:05,983 [WARN] PackLoader:240 - Cannot read IP mode file for STMicroelectronics.X-CUBE-BLE2.3.3.0
2024-10-17 13:08:06,026 [WARN] PackLoader:240 - Cannot read IP mode file for STMicroelectronics.X-CUBE-NFC9.1.0.0
2024-10-17 13:08:06,060 [WARN] PackLoader:240 - Cannot read IP mode file for STMicroelectronics.X-CUBE-TCPP.4.1.0
2024-10-17 13:08:06,103 [WARN] PackLoader:240 - Cannot read IP mode file for STMicroelectronics.X-CUBE-AZRTOS-G0.1.1.0
2024-10-17 13:08:06,121 [INFO] WebApp:186 - Connection restablished
2024-10-17 13:08:06,127 [WARN] PackLoader:240 - Cannot read IP mode file for STMicroelectronics.X-CUBE-SAFEA1.1.2.2
2024-10-17 13:08:06,142 [WARN] PackLoader:240 - Cannot read IP mode file for STMicroelectronics.X-CUBE-NFC4.3.0.0
2024-10-17 13:08:06,192 [WARN] PackLoader:240 - Cannot read IP mode file for EmbeddedOffice.I-CUBE-FS-RTOS.1.0.1
2024-10-17 13:08:06,192 [ERROR] ConditionMgr:805 - Attr not supported : Dmpu
2024-10-17 13:08:06,192 [ERROR] ConditionMgr:805 - Attr not supported : Dmpu
2024-10-17 13:08:06,192 [ERROR] ConditionMgr:805 - Attr not supported : Dmpu
2024-10-17 13:08:06,193 [ERROR] ConditionMgr:805 - Attr not supported : Dmpu
2024-10-17 13:08:06,193 [ERROR] ConditionMgr:805 - Attr not supported : Dmpu
2024-10-17 13:08:06,193 [ERROR] ConditionMgr:805 - Attr not supported : Dmpu
2024-10-17 13:08:06,195 [ERROR] ConditionMgr:805 - Attr not supported : Dmpu
2024-10-17 13:08:06,199 [ERROR] ConditionMgr:805 - Attr not supported : Dmpu
2024-10-17 13:08:06,199 [ERROR] ConditionMgr:805 - Attr not supported : Dmpu
2024-10-17 13:08:06,199 [ERROR] ConditionMgr:805 - Attr not supported : Dmpu
2024-10-17 13:08:06,199 [ERROR] ConditionMgr:805 - Attr not supported : Dmpu
2024-10-17 13:08:06,199 [ERROR] ConditionMgr:805 - Attr not supported : Dmpu
2024-10-17 13:08:06,201 [ERROR] ConditionMgr:805 - Attr not supported : Dmpu
2024-10-17 13:08:06,201 [ERROR] ConditionMgr:805 - Attr not supported : Dmpu
2024-10-17 13:08:06,201 [ERROR] ConditionMgr:805 - Attr not supported : Dmpu
2024-10-17 13:08:06,201 [ERROR] ConditionMgr:805 - Attr not supported : Dmpu
2024-10-17 13:08:06,201 [ERROR] ConditionMgr:805 - Attr not supported : Dmpu
2024-10-17 13:08:06,202 [ERROR] ConditionMgr:805 - Attr not supported : Dmpu
2024-10-17 13:08:06,202 [ERROR] ConditionMgr:805 - Attr not supported : Dmpu
2024-10-17 13:08:06,202 [ERROR] ConditionMgr:805 - Attr not supported : Dmpu
2024-10-17 13:08:06,202 [ERROR] ConditionMgr:805 - Attr not supported : Dmpu
2024-10-17 13:08:06,202 [ERROR] ConditionMgr:805 - Attr not supported : Dmpu
2024-10-17 13:08:06,202 [ERROR] ConditionMgr:805 - Attr not supported : Dmpu
2024-10-17 13:08:06,202 [ERROR] ConditionMgr:805 - Attr not supported : Dmpu
2024-10-17 13:08:06,202 [ERROR] ConditionMgr:805 - Attr not supported : Dmpu
2024-10-17 13:08:06,202 [ERROR] ConditionMgr:805 - Attr not supported : Dmpu
2024-10-17 13:08:06,203 [ERROR] ConditionMgr:805 - Attr not supported : Dmpu
2024-10-17 13:08:06,203 [ERROR] ConditionMgr:805 - Attr not supported : Dmpu
2024-10-17 13:08:06,203 [ERROR] ConditionMgr:805 - Attr not supported : Dmpu
2024-10-17 13:08:06,203 [ERROR] ConditionMgr:805 - Attr not supported : Dmpu
2024-10-17 13:08:06,203 [ERROR] ConditionMgr:805 - Attr not supported : Dmpu
2024-10-17 13:08:06,203 [ERROR] ConditionMgr:805 - Attr not supported : Dmpu
2024-10-17 13:08:06,203 [ERROR] ConditionMgr:805 - Attr not supported : Dmpu
2024-10-17 13:08:06,203 [ERROR] ConditionMgr:805 - Attr not supported : Dmpu
2024-10-17 13:08:06,203 [ERROR] ConditionMgr:805 - Attr not supported : Dmpu
2024-10-17 13:08:06,203 [ERROR] ConditionMgr:805 - Attr not supported : Dmpu
2024-10-17 13:08:06,204 [ERROR] ConditionMgr:805 - Attr not supported : Dmpu
2024-10-17 13:08:06,204 [ERROR] ConditionMgr:805 - Attr not supported : Dmpu
2024-10-17 13:08:06,204 [ERROR] ConditionMgr:805 - Attr not supported : Dmpu
2024-10-17 13:08:06,204 [ERROR] ConditionMgr:805 - Attr not supported : Dmpu
2024-10-17 13:08:06,204 [ERROR] ConditionMgr:805 - Attr not supported : Dmpu
2024-10-17 13:08:06,204 [ERROR] ConditionMgr:805 - Attr not supported : Dmpu
2024-10-17 13:08:06,205 [ERROR] ConditionMgr:805 - Attr not supported : Dmpu
2024-10-17 13:08:06,205 [ERROR] ConditionMgr:805 - Attr not supported : Dmpu
2024-10-17 13:08:06,205 [ERROR] ConditionMgr:805 - Attr not supported : Dmpu
2024-10-17 13:08:06,205 [ERROR] ConditionMgr:805 - Attr not supported : Dmpu
2024-10-17 13:08:06,205 [ERROR] ConditionMgr:805 - Attr not supported : Dmpu
2024-10-17 13:08:06,205 [ERROR] ConditionMgr:805 - Attr not supported : Dmpu
2024-10-17 13:08:06,206 [ERROR] ConditionMgr:805 - Attr not supported : Dmpu
2024-10-17 13:08:06,206 [ERROR] ConditionMgr:805 - Attr not supported : Dmpu
2024-10-17 13:08:06,206 [ERROR] ConditionMgr:805 - Attr not supported : Dmpu
2024-10-17 13:08:06,206 [ERROR] ConditionMgr:805 - Attr not supported : Dmpu
2024-10-17 13:08:06,206 [ERROR] ConditionMgr:805 - Attr not supported : Dmpu
2024-10-17 13:08:06,207 [ERROR] ConditionMgr:805 - Attr not supported : Dmpu
2024-10-17 13:08:06,207 [ERROR] ConditionMgr:805 - Attr not supported : Dmpu
2024-10-17 13:08:06,207 [ERROR] ConditionMgr:805 - Attr not supported : Dmpu
2024-10-17 13:08:06,207 [ERROR] ConditionMgr:805 - Attr not supported : Dmpu
2024-10-17 13:08:06,207 [ERROR] ConditionMgr:805 - Attr not supported : Dmpu
2024-10-17 13:08:06,207 [ERROR] ConditionMgr:805 - Attr not supported : Dmpu
2024-10-17 13:08:06,211 [ERROR] ConditionMgr:805 - Attr not supported : Dmpu
2024-10-17 13:08:06,211 [ERROR] ConditionMgr:805 - Attr not supported : Dmpu
2024-10-17 13:08:06,211 [ERROR] ConditionMgr:805 - Attr not supported : Dmpu
2024-10-17 13:08:06,211 [ERROR] ConditionMgr:805 - Attr not supported : Dmpu
2024-10-17 13:08:06,211 [ERROR] ConditionMgr:805 - Attr not supported : Dmpu
2024-10-17 13:08:06,219 [WARN] PackLoader:240 - Cannot read IP mode file for RealThread.X-CUBE-RT-Thread_Nano.4.1.1
2024-10-17 13:08:06,224 [WARN] PackLoader:240 - Cannot read IP mode file for STMicroelectronics.FP-ATR-SIGFOX1.3.2.0
2024-10-17 13:08:06,233 [WARN] PackLoader:240 - Cannot read IP mode file for wolfSSL.I-CUBE-wolfSSL.5.7.2
2024-10-17 13:08:06,249 [WARN] PackLoader:240 - Cannot read IP mode file for STMicroelectronics.X-CUBE-EEPRMA1.5.1.0
2024-10-17 13:08:06,265 [WARN] PackLoader:240 - Cannot read IP mode file for ITTIA_DB.I-CUBE-ITTIADB.8.9.0
2024-10-17 13:08:06,388 [WARN] PackLoader:240 - Cannot read IP mode file for SEGGER.I-CUBE-embOS.1.3.1
2024-10-17 13:08:06,484 [INFO] WebApp:220 - Starting web application
2024-10-17 13:08:06,492 [INFO] WebApp:578 - Web application path used /home/dam/st/stm32cubeide_1.16.0/plugins/com.st.stm32cube.common.mx_6.12.0.202406281431/db/plugins/mcufinder/reactClient1/index.html
2024-10-17 13:08:06,493 [WARN] PackLoader:240 - Cannot read IP mode file for STMicroelectronics.X-CUBE-ALGOBUILD.1.4.0
2024-10-17 13:08:06,511 [WARN] PackLoader:240 - Cannot read IP mode file for STMicroelectronics.X-CUBE-AI.9.1.0
2024-10-17 13:08:06,540 [WARN] PackLoader:240 - Cannot read IP mode file for STMicroelectronics.X-CUBE-GNSS1.6.0.0
2024-10-17 13:08:06,600 [WARN] PackLoader:240 - Cannot read IP mode file for STMicroelectronics.X-CUBE-AZRTOS-F4.1.1.0
2024-10-17 13:08:06,613 [WARN] PackLoader:240 - Cannot read IP mode file for STMicroelectronics.X-CUBE-ISPU.2.1.0
2024-10-17 13:08:06,646 [WARN] PackLoader:240 - Cannot read IP mode file for STMicroelectronics.X-CUBE-FREERTOS.1.2.0
2024-10-17 13:08:06,682 [WARN] PackLoader:240 - Cannot read IP mode file for STMicroelectronics.X-CUBE-AZRTOS-L5.2.0.0
2024-10-17 13:08:06,719 [WARN] PackLoader:240 - Cannot read IP mode file for STMicroelectronics.X-CUBE-NFC6.3.1.0
2024-10-17 13:08:06,741 [WARN] PackLoader:240 - Cannot read IP mode file for STMicroelectronics.X-CUBE-DPower.1.2.0
2024-10-17 13:08:06,747 [WARN] PackLoader:240 - Cannot read IP mode file for STMicroelectronics.X-CUBE-AI.9.0.0
2024-10-17 13:08:06,766 [WARN] PackLoader:240 - Cannot read IP mode file for STMicroelectronics.X-CUBE-NFC7.1.0.1
2024-10-17 13:08:06,842 [INFO] UserAuth:417 - Internet connection configuration mode: 1
2024-10-17 13:08:06,850 [WARN] ConditionMgr:438 - getConditionDescription Invalid condition id : LAN8742 Phy interface Condition cause : null
2024-10-17 13:08:06,862 [WARN] PackLoader:240 - Cannot read IP mode file for STMicroelectronics.X-CUBE-AZRTOS-L4.2.0.0
2024-10-17 13:08:06,875 [WARN] ConditionMgr:1039 - genDependencies : Invalid condition id : LAN8742 Phy interface Condition cause : null
2024-10-17 13:08:06,876 [WARN] ConditionMgr:1039 - genDependencies : Invalid condition id : LAN8742 Phy interface Condition cause : null
2024-10-17 13:08:06,877 [WARN] ConditionMgr:1039 - genDependencies : Invalid condition id : LAN8742 Phy interface Condition cause : null
2024-10-17 13:08:06,919 [WARN] PackLoader:240 - Cannot read IP mode file for STMicroelectronics.X-CUBE-SFXS2LP1.4.0.0
2024-10-17 13:08:07,007 [WARN] PackLoader:240 - Cannot read IP mode file for STMicroelectronics.X-CUBE-AZRTOS-H7.3.3.0
2024-10-17 13:08:07,044 [WARN] PackLoader:240 - Cannot read IP mode file for STMicroelectronics.X-CUBE-IPS.3.0.0
2024-10-17 13:08:07,090 [WARN] ConditionMgr:438 - getConditionDescription Invalid condition id : UX DEVICE CLASS RTOS Condition cause : null
2024-10-17 13:08:07,091 [WARN] ConditionMgr:438 - getConditionDescription Invalid condition id : UX DEVICE CLASS RTOS Condition cause : null
2024-10-17 13:08:07,095 [WARN] PackLoader:240 - Cannot read IP mode file for STMicroelectronics.X-CUBE-AZRTOS-WB.2.0.0
2024-10-17 13:08:07,096 [WARN] ConditionMgr:1039 - genDependencies : Invalid condition id : UX DEVICE CLASS RTOS Condition cause : null
2024-10-17 13:08:07,097 [WARN] ConditionMgr:1039 - genDependencies : Invalid condition id : UX DEVICE CLASS RTOS Condition cause : null
2024-10-17 13:08:07,101 [WARN] ConditionMgr:1039 - genDependencies : Invalid condition id : UX DEVICE CLASS RTOS Condition cause : null
2024-10-17 13:08:07,101 [WARN] ConditionMgr:1039 - genDependencies : Invalid condition id : UX DEVICE CLASS RTOS Condition cause : null
2024-10-17 13:08:07,102 [WARN] ConditionMgr:1039 - genDependencies : Invalid condition id : UX DEVICE CLASS RTOS Condition cause : null
2024-10-17 13:08:07,118 [WARN] PackLoader:240 - Cannot read IP mode file for STMicroelectronics.X-CUBE-GNSS1.7.0.0
2024-10-17 13:08:07,133 [WARN] PackLoader:240 - Cannot read IP mode file for STMicroelectronics.FP-SNS-STBOX1.2.0.0
2024-10-17 13:08:07,154 [WARN] PackLoader:240 - Cannot read IP mode file for STMicroelectronics.X-CUBE-SUBG2.5.0.0
2024-10-17 13:08:07,178 [WARN] PackLoader:240 - Cannot read IP mode file for Cesanta.I-CUBE-Mongoose.7.13.0
2024-10-17 13:08:07,201 [WARN] PackLoader:240 - Cannot read IP mode file for STMicroelectronics.X-CUBE-AZRTOS-G4.2.0.0
2024-10-17 13:08:07,208 [WARN] PackLoader:240 - Cannot read IP mode file for STMicroelectronics.X-CUBE-ISPU.2.0.0
2024-10-17 13:08:07,214 [WARN] PackLoader:240 - Cannot read IP mode file for STMicroelectronics.X-CUBE-ALS.1.0.2
2024-10-17 13:08:07,222 [WARN] PackLoader:240 - Cannot read IP mode file for STMicroelectronics.X-CUBE-TOUCHGFX.4.24.0
2024-10-17 13:08:07,226 [WARN] PackLoader:240 - Cannot read IP mode file for STMicroelectronics.X-CUBE-TOUCHGFX.4.24.1
2024-10-17 13:08:07,232 [WARN] PackLoader:240 - Cannot read IP mode file for wolfSSL.I-CUBE-wolfTPM.3.4.0
2024-10-17 13:08:07,250 [WARN] PackLoader:240 - Cannot read IP mode file for portGmbH.I-Cube-SoM-uGOAL.1.1.0
2024-10-17 13:08:07,346 [WARN] PackLoader:240 - Cannot read IP mode file for STMicroelectronics.X-CUBE-AZRTOS-H7RS.1.0.0
2024-10-17 13:08:07,382 [WARN] PackLoader:240 - Cannot read IP mode file for STMicroelectronics.FP-ATR-ASTRA1.2.0.0
2024-10-17 13:08:07,435 [WARN] PackLoader:240 - Cannot read IP mode file for STMicroelectronics.X-CUBE-TOF1.3.4.2
2024-10-17 13:08:07,574 [WARN] PackLoader:240 - Cannot read IP mode file for Infineon.AIROC-Wi-Fi-Bluetooth-STM32.1.6.1
2024-10-17 13:08:07,585 [WARN] PackLoader:240 - Cannot read IP mode file for wolfSSL.I-CUBE-wolfSSH.1.4.17
2024-10-17 13:08:07,586 [INFO] ThirdParty:978 - Integrity check success = true
2024-10-17 13:08:07,586 [INFO] IntegrityCheckThread:100 - exiting critical section [integrity check]
2024-10-17 13:08:07,586 [INFO] IntegrityCheckThread:103 - End integrity checks thread
